\BOOKMARK [0][-]{chapter.1}{Einleitung}{}
\BOOKMARK [1][-]{section.1.1}{Erde}{chapter.1}
\BOOKMARK [1][-]{section.1.2}{Satellit}{chapter.1}
\BOOKMARK [1][-]{section.1.3}{Rakete}{chapter.1}
\BOOKMARK [1][-]{section.1.4}{Abgrenzungen}{chapter.1}
\BOOKMARK [0][-]{chapter.2}{Mathematische Beziehung}{}
\BOOKMARK [1][-]{section.2.1}{Satellit}{chapter.2}
\BOOKMARK [2][-]{subsection.2.1.1}{Euler-Theorie}{section.2.1}
\BOOKMARK [2][-]{subsection.2.1.2}{Wichtige Codestellen}{section.2.1}
\BOOKMARK [1][-]{section.2.2}{Rakete}{chapter.2}
\BOOKMARK [2][-]{subsection.2.2.1}{Wichtige Codestellen}{section.2.2}
\BOOKMARK [1][-]{section.2.3}{L\366sungsansatz}{chapter.2}
\BOOKMARK [0][-]{chapter.3}{Entwicklung}{}
\BOOKMARK [1][-]{section.3.1}{Aufwand pro Iteration}{chapter.3}
\BOOKMARK [2][-]{subsection.3.1.1}{Iteration 1}{section.3.1}
\BOOKMARK [2][-]{subsection.3.1.2}{Iteration 2}{section.3.1}
\BOOKMARK [2][-]{subsection.3.1.3}{Iteration 3}{section.3.1}
\BOOKMARK [2][-]{subsection.3.1.4}{Iteration 4}{section.3.1}
\BOOKMARK [0][-]{chapter.4}{Resultat, Fazit und Danksagung}{}
\BOOKMARK [1][-]{section.4.1}{Resultat}{chapter.4}
\BOOKMARK [1][-]{section.4.2}{Fazit}{chapter.4}
\BOOKMARK [1][-]{section.4.3}{Danksagung}{chapter.4}
